The target system is: Generic -  - 
The host system is: Linux - 4.15.0-54-generic - x86_64
Compiling the C compiler identification source file "CMakeCCompilerId.c" succeeded.
Compiler: /opt/my-kendryte-toolchain/bin/riscv64-unknown-elf-gcc 
Build flags: ;-mcmodel=medany;-mabi=lp64d;-march=rv64imafdc;-fno-common;-ffunction-sections;-fdata-sections;-fstrict-volatile-bitfields;-fno-zero-initialized-in-bss;-ffast-math;-fno-math-errno;-Os;-ggdb;-ffloat-store;-std=gnu11;-Wno-pointer-to-int-cast;-Wall;-Werror=all;-Wno-error=unused-function;-Wno-error=unused-but-set-variable;-Wno-error=unused-variable;-Wno-error=deprecated-declarations;-Wextra;-Werror=frame-larger-than=65536;-Wno-unused-parameter;-Wno-sign-compare;-Wno-error=missing-braces;-Wno-error=return-type;-Wno-error=pointer-sign;-Wno-missing-braces;-Wno-strict-aliasing;-Wno-implicit-fallthrough;-Wno-missing-field-initializers;-Wno-int-to-pointer-cast;-Wno-error=comment;-Wno-error=logical-not-parentheses;-Wno-error=duplicate-decl-specifier;-Wno-error=parentheses;-Wno-old-style-declaration
Id flags: 

The output was:
0
/opt/my-kendryte-toolchain/bin/../lib/gcc/riscv64-unknown-elf/8.2.0/../../../../riscv64-unknown-elf/bin/ld: warning: cannot find entry symbol _start; defaulting to 00000000000100b0


Compilation of the C compiler identification source "CMakeCCompilerId.c" produced "a.out"

The C compiler identification is GNU, found in "/home/tration/work/kendryte/xb-k210/sdk/alloy-eyes-sdk/build/fs/CMakeFiles/3.5.1/CompilerIdC/a.out"

Compiling the CXX compiler identification source file "CMakeCXXCompilerId.cpp" succeeded.
Compiler: /opt/my-kendryte-toolchain/bin/riscv64-unknown-elf-g++ 
Build flags: ;-mcmodel=medany;-mabi=lp64d;-march=rv64imafdc;-fno-common;-ffunction-sections;-fdata-sections;-fstrict-volatile-bitfields;-fno-zero-initialized-in-bss;-ffast-math;-fno-math-errno;-Os;-ggdb;-ffloat-store;-std=gnu++17;-Wall;-Werror=all;-Wno-error=unused-function;-Wno-error=unused-but-set-variable;-Wno-error=unused-variable;-Wno-error=deprecated-declarations;-Wextra;-Werror=frame-larger-than=65536;-Wno-unused-parameter;-Wno-sign-compare;-Wno-error=missing-braces;-Wno-error=return-type;-Wno-error=pointer-sign;-Wno-missing-braces;-Wno-strict-aliasing;-Wno-implicit-fallthrough;-Wno-missing-field-initializers;-Wno-int-to-pointer-cast;-Wno-error=comment;-Wno-error=logical-not-parentheses;-Wno-error=duplicate-decl-specifier;-Wno-error=parentheses
Id flags: 

The output was:
0
/opt/my-kendryte-toolchain/bin/../lib/gcc/riscv64-unknown-elf/8.2.0/../../../../riscv64-unknown-elf/bin/ld: warning: cannot find entry symbol _start; defaulting to 00000000000100b0


Compilation of the CXX compiler identification source "CMakeCXXCompilerId.cpp" produced "a.out"

The CXX compiler identification is GNU, found in "/home/tration/work/kendryte/xb-k210/sdk/alloy-eyes-sdk/build/fs/CMakeFiles/3.5.1/CompilerIdCXX/a.out"

Detecting C compiler ABI info compiled with the following output:
Change Dir: /home/tration/work/kendryte/xb-k210/sdk/alloy-eyes-sdk/build/fs/CMakeFiles/CMakeTmp

Run Build Command:"/usr/bin/make" "cmTC_deef5/fast"
/usr/bin/make -f CMakeFiles/cmTC_deef5.dir/build.make CMakeFiles/cmTC_deef5.dir/build
make[1]: Entering directory '/home/tration/work/kendryte/xb-k210/sdk/alloy-eyes-sdk/build/fs/CMakeFiles/CMakeTmp'
Building C object CMakeFiles/cmTC_deef5.dir/CMakeCCompilerABI.c.obj
/opt/my-kendryte-toolchain/bin/riscv64-unknown-elf-gcc    -mcmodel=medany -mabi=lp64d -march=rv64imafdc -fno-common -ffunction-sections -fdata-sections -fstrict-volatile-bitfields -fno-zero-initialized-in-bss -ffast-math -fno-math-errno -Os -ggdb -ffloat-store -std=gnu11 -Wno-pointer-to-int-cast -Wall -Werror=all -Wno-error=unused-function -Wno-error=unused-but-set-variable -Wno-error=unused-variable -Wno-error=deprecated-declarations -Wextra -Werror=frame-larger-than=65536 -Wno-unused-parameter -Wno-sign-compare -Wno-error=missing-braces -Wno-error=return-type -Wno-error=pointer-sign -Wno-missing-braces -Wno-strict-aliasing -Wno-implicit-fallthrough -Wno-missing-field-initializers -Wno-int-to-pointer-cast -Wno-error=comment -Wno-error=logical-not-parentheses -Wno-error=duplicate-decl-specifier -Wno-error=parentheses -Wno-old-style-declaration    -o CMakeFiles/cmTC_deef5.dir/CMakeCCompilerABI.c.obj   -c /usr/share/cmake-3.5/Modules/CMakeCCompilerABI.c
Linking C executable cmTC_deef5
/usr/bin/cmake -E cmake_link_script CMakeFiles/cmTC_deef5.dir/link.txt --verbose=1
/opt/my-kendryte-toolchain/bin/riscv64-unknown-elf-gcc   -mcmodel=medany -mabi=lp64d -march=rv64imafdc -fno-common -ffunction-sections -fdata-sections -fstrict-volatile-bitfields -fno-zero-initialized-in-bss -ffast-math -fno-math-errno -Os -ggdb -ffloat-store -std=gnu11 -Wno-pointer-to-int-cast -Wall -Werror=all -Wno-error=unused-function -Wno-error=unused-but-set-variable -Wno-error=unused-variable -Wno-error=deprecated-declarations -Wextra -Werror=frame-larger-than=65536 -Wno-unused-parameter -Wno-sign-compare -Wno-error=missing-braces -Wno-error=return-type -Wno-error=pointer-sign -Wno-missing-braces -Wno-strict-aliasing -Wno-implicit-fallthrough -Wno-missing-field-initializers -Wno-int-to-pointer-cast -Wno-error=comment -Wno-error=logical-not-parentheses -Wno-error=duplicate-decl-specifier -Wno-error=parentheses -Wno-old-style-declaration    -v CMakeFiles/cmTC_deef5.dir/CMakeCCompilerABI.c.obj  -o cmTC_deef5  
Using built-in specs.
COLLECT_GCC=/opt/my-kendryte-toolchain/bin/riscv64-unknown-elf-gcc
COLLECT_LTO_WRAPPER=/opt/my-kendryte-toolchain/bin/../libexec/gcc/riscv64-unknown-elf/8.2.0/lto-wrapper
Target: riscv64-unknown-elf
Configured with: /home/bruce/k210/build_toolchain/kendryte-gnu-toolchain/riscv-gcc/configure --target=riscv64-unknown-elf --prefix=/opt/kendryte-toolchain --disable-shared --enable-threads=posix --enable-languages=c,c++ --enable-libatomic --with-system-zlib --enable-tls --with-newlib --with-sysroot=/opt/kendryte-toolchain/riscv64-unknown-elf --with-native-system-header-dir=/include --disable-libmudflap --disable-libssp --disable-libquadmath --disable-libgomp --disable-nls --src=.././riscv-gcc --enable-checking=yes --disable-multilib --with-abi=lp64d --with-arch=rv64imafdc 'CFLAGS_FOR_TARGET=-Os -ffunction-sections -fdata-sections  -mcmodel=medany' 'CXXFLAGS_FOR_TARGET=-Os -ffunction-sections -fdata-sections -mcmodel=medany'
Thread model: posix
gcc version 8.2.0 (GCC) 
COMPILER_PATH=/opt/my-kendryte-toolchain/bin/../libexec/gcc/riscv64-unknown-elf/8.2.0/:/opt/my-kendryte-toolchain/bin/../libexec/gcc/:/opt/my-kendryte-toolchain/bin/../lib/gcc/riscv64-unknown-elf/8.2.0/../../../../riscv64-unknown-elf/bin/
LIBRARY_PATH=/opt/my-kendryte-toolchain/bin/../lib/gcc/riscv64-unknown-elf/8.2.0/:/opt/my-kendryte-toolchain/bin/../lib/gcc/:/opt/my-kendryte-toolchain/bin/../lib/gcc/riscv64-unknown-elf/8.2.0/../../../../riscv64-unknown-elf/lib/:/opt/my-kendryte-toolchain/bin/../riscv64-unknown-elf/lib/
COLLECT_GCC_OPTIONS='-mcmodel=medany' '-mabi=lp64d' '-march=rv64imafdc' '-fno-common' '-ffunction-sections' '-fdata-sections' '-fstrict-volatile-bitfields' '-fno-zero-initialized-in-bss' '-ffast-math' '-fno-math-errno' '-Os' '-ggdb' '-ffloat-store' '-std=gnu11' '-Wno-pointer-to-int-cast' '-Wall' '-Werror=all' '-Wno-error=unused-function' '-Wno-error=unused-but-set-variable' '-Wno-error=unused-variable' '-Wno-error=deprecated-declarations' '-Wextra' '-Werror=frame-larger-than=65536' '-Wno-unused-parameter' '-Wno-sign-compare' '-Wno-error=missing-braces' '-Wno-error=return-type' '-Wno-error=pointer-sign' '-Wno-missing-braces' '-Wno-strict-aliasing' '-Wimplicit-fallthrough=0' '-Wno-missing-field-initializers' '-Wno-int-to-pointer-cast' '-Wno-error=comment' '-Wno-error=logical-not-parentheses' '-Wno-error=duplicate-decl-specifier' '-Wno-error=parentheses' '-Wno-old-style-declaration' '-v' '-o' 'cmTC_deef5'
 /opt/my-kendryte-toolchain/bin/../libexec/gcc/riscv64-unknown-elf/8.2.0/collect2 -plugin /opt/my-kendryte-toolchain/bin/../libexec/gcc/riscv64-unknown-elf/8.2.0/liblto_plugin.so -plugin-opt=/opt/my-kendryte-toolchain/bin/../libexec/gcc/riscv64-unknown-elf/8.2.0/lto-wrapper -plugin-opt=-fresolution=/tmp/cc6UMnB5.res -plugin-opt=-pass-through=-lgcc -plugin-opt=-pass-through=-lc -plugin-opt=-pass-through=-lgloss -plugin-opt=-pass-through=-lgcc --sysroot=/opt/my-kendryte-toolchain/bin/../riscv64-unknown-elf -melf64lriscv -o cmTC_deef5 /opt/my-kendryte-toolchain/bin/../lib/gcc/riscv64-unknown-elf/8.2.0/../../../../riscv64-unknown-elf/lib/crt0.o /opt/my-kendryte-toolchain/bin/../lib/gcc/riscv64-unknown-elf/8.2.0/crtbegin.o -L/opt/my-kendryte-toolchain/bin/../lib/gcc/riscv64-unknown-elf/8.2.0 -L/opt/my-kendryte-toolchain/bin/../lib/gcc -L/opt/my-kendryte-toolchain/bin/../lib/gcc/riscv64-unknown-elf/8.2.0/../../../../riscv64-unknown-elf/lib -L/opt/my-kendryte-toolchain/bin/../riscv64-unknown-elf/lib CMakeFiles/cmTC_deef5.dir/CMakeCCompilerABI.c.obj -lgcc --start-group -lc -lgloss --end-group -lgcc /opt/my-kendryte-toolchain/bin/../lib/gcc/riscv64-unknown-elf/8.2.0/crtend.o
/opt/my-kendryte-toolchain/bin/../lib/gcc/riscv64-unknown-elf/8.2.0/../../../../riscv64-unknown-elf/bin/ld: warning: cannot find entry symbol _start; defaulting to 00000000000100b0
COLLECT_GCC_OPTIONS='-mcmodel=medany' '-mabi=lp64d' '-march=rv64imafdc' '-fno-common' '-ffunction-sections' '-fdata-sections' '-fstrict-volatile-bitfields' '-fno-zero-initialized-in-bss' '-ffast-math' '-fno-math-errno' '-Os' '-ggdb' '-ffloat-store' '-std=gnu11' '-Wno-pointer-to-int-cast' '-Wall' '-Werror=all' '-Wno-error=unused-function' '-Wno-error=unused-but-set-variable' '-Wno-error=unused-variable' '-Wno-error=deprecated-declarations' '-Wextra' '-Werror=frame-larger-than=65536' '-Wno-unused-parameter' '-Wno-sign-compare' '-Wno-error=missing-braces' '-Wno-error=return-type' '-Wno-error=pointer-sign' '-Wno-missing-braces' '-Wno-strict-aliasing' '-Wimplicit-fallthrough=0' '-Wno-missing-field-initializers' '-Wno-int-to-pointer-cast' '-Wno-error=comment' '-Wno-error=logical-not-parentheses' '-Wno-error=duplicate-decl-specifier' '-Wno-error=parentheses' '-Wno-old-style-declaration' '-v' '-o' 'cmTC_deef5'
make[1]: Leaving directory '/home/tration/work/kendryte/xb-k210/sdk/alloy-eyes-sdk/build/fs/CMakeFiles/CMakeTmp'


Parsed C implicit link information from above output:
  link line regex: [^( *|.*[/\])(riscv64-unknown-elf-ld|([^/\]+-)?ld|collect2)[^/\]*( |$)]
  ignore line: [Change Dir: /home/tration/work/kendryte/xb-k210/sdk/alloy-eyes-sdk/build/fs/CMakeFiles/CMakeTmp]
  ignore line: []
  ignore line: [Run Build Command:"/usr/bin/make" "cmTC_deef5/fast"]
  ignore line: [/usr/bin/make -f CMakeFiles/cmTC_deef5.dir/build.make CMakeFiles/cmTC_deef5.dir/build]
  ignore line: [make[1]: Entering directory '/home/tration/work/kendryte/xb-k210/sdk/alloy-eyes-sdk/build/fs/CMakeFiles/CMakeTmp']
  ignore line: [Building C object CMakeFiles/cmTC_deef5.dir/CMakeCCompilerABI.c.obj]
  ignore line: [/opt/my-kendryte-toolchain/bin/riscv64-unknown-elf-gcc    -mcmodel=medany -mabi=lp64d -march=rv64imafdc -fno-common -ffunction-sections -fdata-sections -fstrict-volatile-bitfields -fno-zero-initialized-in-bss -ffast-math -fno-math-errno -Os -ggdb -ffloat-store -std=gnu11 -Wno-pointer-to-int-cast -Wall -Werror=all -Wno-error=unused-function -Wno-error=unused-but-set-variable -Wno-error=unused-variable -Wno-error=deprecated-declarations -Wextra -Werror=frame-larger-than=65536 -Wno-unused-parameter -Wno-sign-compare -Wno-error=missing-braces -Wno-error=return-type -Wno-error=pointer-sign -Wno-missing-braces -Wno-strict-aliasing -Wno-implicit-fallthrough -Wno-missing-field-initializers -Wno-int-to-pointer-cast -Wno-error=comment -Wno-error=logical-not-parentheses -Wno-error=duplicate-decl-specifier -Wno-error=parentheses -Wno-old-style-declaration    -o CMakeFiles/cmTC_deef5.dir/CMakeCCompilerABI.c.obj   -c /usr/share/cmake-3.5/Modules/CMakeCCompilerABI.c]
  ignore line: [Linking C executable cmTC_deef5]
  ignore line: [/usr/bin/cmake -E cmake_link_script CMakeFiles/cmTC_deef5.dir/link.txt --verbose=1]
  ignore line: [/opt/my-kendryte-toolchain/bin/riscv64-unknown-elf-gcc   -mcmodel=medany -mabi=lp64d -march=rv64imafdc -fno-common -ffunction-sections -fdata-sections -fstrict-volatile-bitfields -fno-zero-initialized-in-bss -ffast-math -fno-math-errno -Os -ggdb -ffloat-store -std=gnu11 -Wno-pointer-to-int-cast -Wall -Werror=all -Wno-error=unused-function -Wno-error=unused-but-set-variable -Wno-error=unused-variable -Wno-error=deprecated-declarations -Wextra -Werror=frame-larger-than=65536 -Wno-unused-parameter -Wno-sign-compare -Wno-error=missing-braces -Wno-error=return-type -Wno-error=pointer-sign -Wno-missing-braces -Wno-strict-aliasing -Wno-implicit-fallthrough -Wno-missing-field-initializers -Wno-int-to-pointer-cast -Wno-error=comment -Wno-error=logical-not-parentheses -Wno-error=duplicate-decl-specifier -Wno-error=parentheses -Wno-old-style-declaration    -v CMakeFiles/cmTC_deef5.dir/CMakeCCompilerABI.c.obj  -o cmTC_deef5  ]
  ignore line: [Using built-in specs.]
  ignore line: [COLLECT_GCC=/opt/my-kendryte-toolchain/bin/riscv64-unknown-elf-gcc]
  ignore line: [COLLECT_LTO_WRAPPER=/opt/my-kendryte-toolchain/bin/../libexec/gcc/riscv64-unknown-elf/8.2.0/lto-wrapper]
  ignore line: [Target: riscv64-unknown-elf]
  ignore line: [Configured with: /home/bruce/k210/build_toolchain/kendryte-gnu-toolchain/riscv-gcc/configure --target=riscv64-unknown-elf --prefix=/opt/kendryte-toolchain --disable-shared --enable-threads=posix --enable-languages=c,c++ --enable-libatomic --with-system-zlib --enable-tls --with-newlib --with-sysroot=/opt/kendryte-toolchain/riscv64-unknown-elf --with-native-system-header-dir=/include --disable-libmudflap --disable-libssp --disable-libquadmath --disable-libgomp --disable-nls --src=.././riscv-gcc --enable-checking=yes --disable-multilib --with-abi=lp64d --with-arch=rv64imafdc 'CFLAGS_FOR_TARGET=-Os -ffunction-sections -fdata-sections  -mcmodel=medany' 'CXXFLAGS_FOR_TARGET=-Os -ffunction-sections -fdata-sections -mcmodel=medany']
  ignore line: [Thread model: posix]
  ignore line: [gcc version 8.2.0 (GCC) ]
  ignore line: [COMPILER_PATH=/opt/my-kendryte-toolchain/bin/../libexec/gcc/riscv64-unknown-elf/8.2.0/:/opt/my-kendryte-toolchain/bin/../libexec/gcc/:/opt/my-kendryte-toolchain/bin/../lib/gcc/riscv64-unknown-elf/8.2.0/../../../../riscv64-unknown-elf/bin/]
  ignore line: [LIBRARY_PATH=/opt/my-kendryte-toolchain/bin/../lib/gcc/riscv64-unknown-elf/8.2.0/:/opt/my-kendryte-toolchain/bin/../lib/gcc/:/opt/my-kendryte-toolchain/bin/../lib/gcc/riscv64-unknown-elf/8.2.0/../../../../riscv64-unknown-elf/lib/:/opt/my-kendryte-toolchain/bin/../riscv64-unknown-elf/lib/]
  ignore line: [COLLECT_GCC_OPTIONS='-mcmodel=medany' '-mabi=lp64d' '-march=rv64imafdc' '-fno-common' '-ffunction-sections' '-fdata-sections' '-fstrict-volatile-bitfields' '-fno-zero-initialized-in-bss' '-ffast-math' '-fno-math-errno' '-Os' '-ggdb' '-ffloat-store' '-std=gnu11' '-Wno-pointer-to-int-cast' '-Wall' '-Werror=all' '-Wno-error=unused-function' '-Wno-error=unused-but-set-variable' '-Wno-error=unused-variable' '-Wno-error=deprecated-declarations' '-Wextra' '-Werror=frame-larger-than=65536' '-Wno-unused-parameter' '-Wno-sign-compare' '-Wno-error=missing-braces' '-Wno-error=return-type' '-Wno-error=pointer-sign' '-Wno-missing-braces' '-Wno-strict-aliasing' '-Wimplicit-fallthrough=0' '-Wno-missing-field-initializers' '-Wno-int-to-pointer-cast' '-Wno-error=comment' '-Wno-error=logical-not-parentheses' '-Wno-error=duplicate-decl-specifier' '-Wno-error=parentheses' '-Wno-old-style-declaration' '-v' '-o' 'cmTC_deef5']
  link line: [ /opt/my-kendryte-toolchain/bin/../libexec/gcc/riscv64-unknown-elf/8.2.0/collect2 -plugin /opt/my-kendryte-toolchain/bin/../libexec/gcc/riscv64-unknown-elf/8.2.0/liblto_plugin.so -plugin-opt=/opt/my-kendryte-toolchain/bin/../libexec/gcc/riscv64-unknown-elf/8.2.0/lto-wrapper -plugin-opt=-fresolution=/tmp/cc6UMnB5.res -plugin-opt=-pass-through=-lgcc -plugin-opt=-pass-through=-lc -plugin-opt=-pass-through=-lgloss -plugin-opt=-pass-through=-lgcc --sysroot=/opt/my-kendryte-toolchain/bin/../riscv64-unknown-elf -melf64lriscv -o cmTC_deef5 /opt/my-kendryte-toolchain/bin/../lib/gcc/riscv64-unknown-elf/8.2.0/../../../../riscv64-unknown-elf/lib/crt0.o /opt/my-kendryte-toolchain/bin/../lib/gcc/riscv64-unknown-elf/8.2.0/crtbegin.o -L/opt/my-kendryte-toolchain/bin/../lib/gcc/riscv64-unknown-elf/8.2.0 -L/opt/my-kendryte-toolchain/bin/../lib/gcc -L/opt/my-kendryte-toolchain/bin/../lib/gcc/riscv64-unknown-elf/8.2.0/../../../../riscv64-unknown-elf/lib -L/opt/my-kendryte-toolchain/bin/../riscv64-unknown-elf/lib CMakeFiles/cmTC_deef5.dir/CMakeCCompilerABI.c.obj -lgcc --start-group -lc -lgloss --end-group -lgcc /opt/my-kendryte-toolchain/bin/../lib/gcc/riscv64-unknown-elf/8.2.0/crtend.o]
    arg [/opt/my-kendryte-toolchain/bin/../libexec/gcc/riscv64-unknown-elf/8.2.0/collect2] ==> ignore
    arg [-plugin] ==> ignore
    arg [/opt/my-kendryte-toolchain/bin/../libexec/gcc/riscv64-unknown-elf/8.2.0/liblto_plugin.so] ==> ignore
    arg [-plugin-opt=/opt/my-kendryte-toolchain/bin/../libexec/gcc/riscv64-unknown-elf/8.2.0/lto-wrapper] ==> ignore
    arg [-plugin-opt=-fresolution=/tmp/cc6UMnB5.res] ==> ignore
    arg [-plugin-opt=-pass-through=-lgcc] ==> ignore
    arg [-plugin-opt=-pass-through=-lc] ==> ignore
    arg [-plugin-opt=-pass-through=-lgloss] ==> ignore
    arg [-plugin-opt=-pass-through=-lgcc] ==> ignore
    arg [--sysroot=/opt/my-kendryte-toolchain/bin/../riscv64-unknown-elf] ==> ignore
    arg [-melf64lriscv] ==> ignore
    arg [-o] ==> ignore
    arg [cmTC_deef5] ==> ignore
    arg [/opt/my-kendryte-toolchain/bin/../lib/gcc/riscv64-unknown-elf/8.2.0/../../../../riscv64-unknown-elf/lib/crt0.o] ==> ignore
    arg [/opt/my-kendryte-toolchain/bin/../lib/gcc/riscv64-unknown-elf/8.2.0/crtbegin.o] ==> ignore
    arg [-L/opt/my-kendryte-toolchain/bin/../lib/gcc/riscv64-unknown-elf/8.2.0] ==> dir [/opt/my-kendryte-toolchain/bin/../lib/gcc/riscv64-unknown-elf/8.2.0]
    arg [-L/opt/my-kendryte-toolchain/bin/../lib/gcc] ==> dir [/opt/my-kendryte-toolchain/bin/../lib/gcc]
    arg [-L/opt/my-kendryte-toolchain/bin/../lib/gcc/riscv64-unknown-elf/8.2.0/../../../../riscv64-unknown-elf/lib] ==> dir [/opt/my-kendryte-toolchain/bin/../lib/gcc/riscv64-unknown-elf/8.2.0/../../../../riscv64-unknown-elf/lib]
    arg [-L/opt/my-kendryte-toolchain/bin/../riscv64-unknown-elf/lib] ==> dir [/opt/my-kendryte-toolchain/bin/../riscv64-unknown-elf/lib]
    arg [CMakeFiles/cmTC_deef5.dir/CMakeCCompilerABI.c.obj] ==> ignore
    arg [-lgcc] ==> lib [gcc]
    arg [--start-group] ==> ignore
    arg [-lc] ==> lib [c]
    arg [-lgloss] ==> lib [gloss]
    arg [--end-group] ==> ignore
    arg [-lgcc] ==> lib [gcc]
    arg [/opt/my-kendryte-toolchain/bin/../lib/gcc/riscv64-unknown-elf/8.2.0/crtend.o] ==> ignore
  remove lib [gcc]
  remove lib [gcc]
  collapse library dir [/opt/my-kendryte-toolchain/bin/../lib/gcc/riscv64-unknown-elf/8.2.0] ==> [/opt/my-kendryte-toolchain/lib/gcc/riscv64-unknown-elf/8.2.0]
  collapse library dir [/opt/my-kendryte-toolchain/bin/../lib/gcc] ==> [/opt/my-kendryte-toolchain/lib/gcc]
  collapse library dir [/opt/my-kendryte-toolchain/bin/../lib/gcc/riscv64-unknown-elf/8.2.0/../../../../riscv64-unknown-elf/lib] ==> [/opt/my-kendryte-toolchain/riscv64-unknown-elf/lib]
  collapse library dir [/opt/my-kendryte-toolchain/bin/../riscv64-unknown-elf/lib] ==> [/opt/my-kendryte-toolchain/riscv64-unknown-elf/lib]
  implicit libs: [c;gloss]
  implicit dirs: [/opt/my-kendryte-toolchain/lib/gcc/riscv64-unknown-elf/8.2.0;/opt/my-kendryte-toolchain/lib/gcc;/opt/my-kendryte-toolchain/riscv64-unknown-elf/lib]
  implicit fwks: []




Detecting C [-std=c11] compiler features compiled with the following output:
Change Dir: /home/tration/work/kendryte/xb-k210/sdk/alloy-eyes-sdk/build/fs/CMakeFiles/CMakeTmp

Run Build Command:"/usr/bin/make" "cmTC_d7402/fast"
/usr/bin/make -f CMakeFiles/cmTC_d7402.dir/build.make CMakeFiles/cmTC_d7402.dir/build
make[1]: Entering directory '/home/tration/work/kendryte/xb-k210/sdk/alloy-eyes-sdk/build/fs/CMakeFiles/CMakeTmp'
Building C object CMakeFiles/cmTC_d7402.dir/feature_tests.c.obj
/opt/my-kendryte-toolchain/bin/riscv64-unknown-elf-gcc    -mcmodel=medany -mabi=lp64d -march=rv64imafdc -fno-common -ffunction-sections -fdata-sections -fstrict-volatile-bitfields -fno-zero-initialized-in-bss -ffast-math -fno-math-errno -Os -ggdb -ffloat-store -std=gnu11 -Wno-pointer-to-int-cast -Wall -Werror=all -Wno-error=unused-function -Wno-error=unused-but-set-variable -Wno-error=unused-variable -Wno-error=deprecated-declarations -Wextra -Werror=frame-larger-than=65536 -Wno-unused-parameter -Wno-sign-compare -Wno-error=missing-braces -Wno-error=return-type -Wno-error=pointer-sign -Wno-missing-braces -Wno-strict-aliasing -Wno-implicit-fallthrough -Wno-missing-field-initializers -Wno-int-to-pointer-cast -Wno-error=comment -Wno-error=logical-not-parentheses -Wno-error=duplicate-decl-specifier -Wno-error=parentheses -Wno-old-style-declaration    -std=c11 -o CMakeFiles/cmTC_d7402.dir/feature_tests.c.obj   -c /home/tration/work/kendryte/xb-k210/sdk/alloy-eyes-sdk/build/fs/CMakeFiles/feature_tests.c
Linking C executable cmTC_d7402
/usr/bin/cmake -E cmake_link_script CMakeFiles/cmTC_d7402.dir/link.txt --verbose=1
/opt/my-kendryte-toolchain/bin/riscv64-unknown-elf-gcc   -mcmodel=medany -mabi=lp64d -march=rv64imafdc -fno-common -ffunction-sections -fdata-sections -fstrict-volatile-bitfields -fno-zero-initialized-in-bss -ffast-math -fno-math-errno -Os -ggdb -ffloat-store -std=gnu11 -Wno-pointer-to-int-cast -Wall -Werror=all -Wno-error=unused-function -Wno-error=unused-but-set-variable -Wno-error=unused-variable -Wno-error=deprecated-declarations -Wextra -Werror=frame-larger-than=65536 -Wno-unused-parameter -Wno-sign-compare -Wno-error=missing-braces -Wno-error=return-type -Wno-error=pointer-sign -Wno-missing-braces -Wno-strict-aliasing -Wno-implicit-fallthrough -Wno-missing-field-initializers -Wno-int-to-pointer-cast -Wno-error=comment -Wno-error=logical-not-parentheses -Wno-error=duplicate-decl-specifier -Wno-error=parentheses -Wno-old-style-declaration     CMakeFiles/cmTC_d7402.dir/feature_tests.c.obj  -o cmTC_d7402 
/opt/my-kendryte-toolchain/bin/../lib/gcc/riscv64-unknown-elf/8.2.0/../../../../riscv64-unknown-elf/bin/ld: warning: cannot find entry symbol _start; defaulting to 00000000000100b0
make[1]: Leaving directory '/home/tration/work/kendryte/xb-k210/sdk/alloy-eyes-sdk/build/fs/CMakeFiles/CMakeTmp'


    Feature record: C_FEATURE:1c_function_prototypes
    Feature record: C_FEATURE:1c_restrict
    Feature record: C_FEATURE:1c_static_assert
    Feature record: C_FEATURE:1c_variadic_macros


Detecting C [-std=c99] compiler features compiled with the following output:
Change Dir: /home/tration/work/kendryte/xb-k210/sdk/alloy-eyes-sdk/build/fs/CMakeFiles/CMakeTmp

Run Build Command:"/usr/bin/make" "cmTC_d6248/fast"
/usr/bin/make -f CMakeFiles/cmTC_d6248.dir/build.make CMakeFiles/cmTC_d6248.dir/build
make[1]: Entering directory '/home/tration/work/kendryte/xb-k210/sdk/alloy-eyes-sdk/build/fs/CMakeFiles/CMakeTmp'
Building C object CMakeFiles/cmTC_d6248.dir/feature_tests.c.obj
/opt/my-kendryte-toolchain/bin/riscv64-unknown-elf-gcc    -mcmodel=medany -mabi=lp64d -march=rv64imafdc -fno-common -ffunction-sections -fdata-sections -fstrict-volatile-bitfields -fno-zero-initialized-in-bss -ffast-math -fno-math-errno -Os -ggdb -ffloat-store -std=gnu11 -Wno-pointer-to-int-cast -Wall -Werror=all -Wno-error=unused-function -Wno-error=unused-but-set-variable -Wno-error=unused-variable -Wno-error=deprecated-declarations -Wextra -Werror=frame-larger-than=65536 -Wno-unused-parameter -Wno-sign-compare -Wno-error=missing-braces -Wno-error=return-type -Wno-error=pointer-sign -Wno-missing-braces -Wno-strict-aliasing -Wno-implicit-fallthrough -Wno-missing-field-initializers -Wno-int-to-pointer-cast -Wno-error=comment -Wno-error=logical-not-parentheses -Wno-error=duplicate-decl-specifier -Wno-error=parentheses -Wno-old-style-declaration    -std=c99 -o CMakeFiles/cmTC_d6248.dir/feature_tests.c.obj   -c /home/tration/work/kendryte/xb-k210/sdk/alloy-eyes-sdk/build/fs/CMakeFiles/feature_tests.c
Linking C executable cmTC_d6248
/usr/bin/cmake -E cmake_link_script CMakeFiles/cmTC_d6248.dir/link.txt --verbose=1
/opt/my-kendryte-toolchain/bin/riscv64-unknown-elf-gcc   -mcmodel=medany -mabi=lp64d -march=rv64imafdc -fno-common -ffunction-sections -fdata-sections -fstrict-volatile-bitfields -fno-zero-initialized-in-bss -ffast-math -fno-math-errno -Os -ggdb -ffloat-store -std=gnu11 -Wno-pointer-to-int-cast -Wall -Werror=all -Wno-error=unused-function -Wno-error=unused-but-set-variable -Wno-error=unused-variable -Wno-error=deprecated-declarations -Wextra -Werror=frame-larger-than=65536 -Wno-unused-parameter -Wno-sign-compare -Wno-error=missing-braces -Wno-error=return-type -Wno-error=pointer-sign -Wno-missing-braces -Wno-strict-aliasing -Wno-implicit-fallthrough -Wno-missing-field-initializers -Wno-int-to-pointer-cast -Wno-error=comment -Wno-error=logical-not-parentheses -Wno-error=duplicate-decl-specifier -Wno-error=parentheses -Wno-old-style-declaration     CMakeFiles/cmTC_d6248.dir/feature_tests.c.obj  -o cmTC_d6248 
/opt/my-kendryte-toolchain/bin/../lib/gcc/riscv64-unknown-elf/8.2.0/../../../../riscv64-unknown-elf/bin/ld: warning: cannot find entry symbol _start; defaulting to 00000000000100b0
make[1]: Leaving directory '/home/tration/work/kendryte/xb-k210/sdk/alloy-eyes-sdk/build/fs/CMakeFiles/CMakeTmp'


    Feature record: C_FEATURE:1c_function_prototypes
    Feature record: C_FEATURE:1c_restrict
    Feature record: C_FEATURE:0c_static_assert
    Feature record: C_FEATURE:1c_variadic_macros


Detecting C [-std=c90] compiler features compiled with the following output:
Change Dir: /home/tration/work/kendryte/xb-k210/sdk/alloy-eyes-sdk/build/fs/CMakeFiles/CMakeTmp

Run Build Command:"/usr/bin/make" "cmTC_c56e6/fast"
/usr/bin/make -f CMakeFiles/cmTC_c56e6.dir/build.make CMakeFiles/cmTC_c56e6.dir/build
make[1]: Entering directory '/home/tration/work/kendryte/xb-k210/sdk/alloy-eyes-sdk/build/fs/CMakeFiles/CMakeTmp'
Building C object CMakeFiles/cmTC_c56e6.dir/feature_tests.c.obj
/opt/my-kendryte-toolchain/bin/riscv64-unknown-elf-gcc    -mcmodel=medany -mabi=lp64d -march=rv64imafdc -fno-common -ffunction-sections -fdata-sections -fstrict-volatile-bitfields -fno-zero-initialized-in-bss -ffast-math -fno-math-errno -Os -ggdb -ffloat-store -std=gnu11 -Wno-pointer-to-int-cast -Wall -Werror=all -Wno-error=unused-function -Wno-error=unused-but-set-variable -Wno-error=unused-variable -Wno-error=deprecated-declarations -Wextra -Werror=frame-larger-than=65536 -Wno-unused-parameter -Wno-sign-compare -Wno-error=missing-braces -Wno-error=return-type -Wno-error=pointer-sign -Wno-missing-braces -Wno-strict-aliasing -Wno-implicit-fallthrough -Wno-missing-field-initializers -Wno-int-to-pointer-cast -Wno-error=comment -Wno-error=logical-not-parentheses -Wno-error=duplicate-decl-specifier -Wno-error=parentheses -Wno-old-style-declaration    -std=c90 -o CMakeFiles/cmTC_c56e6.dir/feature_tests.c.obj   -c /home/tration/work/kendryte/xb-k210/sdk/alloy-eyes-sdk/build/fs/CMakeFiles/feature_tests.c
Linking C executable cmTC_c56e6
/usr/bin/cmake -E cmake_link_script CMakeFiles/cmTC_c56e6.dir/link.txt --verbose=1
/opt/my-kendryte-toolchain/bin/riscv64-unknown-elf-gcc   -mcmodel=medany -mabi=lp64d -march=rv64imafdc -fno-common -ffunction-sections -fdata-sections -fstrict-volatile-bitfields -fno-zero-initialized-in-bss -ffast-math -fno-math-errno -Os -ggdb -ffloat-store -std=gnu11 -Wno-pointer-to-int-cast -Wall -Werror=all -Wno-error=unused-function -Wno-error=unused-but-set-variable -Wno-error=unused-variable -Wno-error=deprecated-declarations -Wextra -Werror=frame-larger-than=65536 -Wno-unused-parameter -Wno-sign-compare -Wno-error=missing-braces -Wno-error=return-type -Wno-error=pointer-sign -Wno-missing-braces -Wno-strict-aliasing -Wno-implicit-fallthrough -Wno-missing-field-initializers -Wno-int-to-pointer-cast -Wno-error=comment -Wno-error=logical-not-parentheses -Wno-error=duplicate-decl-specifier -Wno-error=parentheses -Wno-old-style-declaration     CMakeFiles/cmTC_c56e6.dir/feature_tests.c.obj  -o cmTC_c56e6 
/opt/my-kendryte-toolchain/bin/../lib/gcc/riscv64-unknown-elf/8.2.0/../../../../riscv64-unknown-elf/bin/ld: warning: cannot find entry symbol _start; defaulting to 00000000000100b0
make[1]: Leaving directory '/home/tration/work/kendryte/xb-k210/sdk/alloy-eyes-sdk/build/fs/CMakeFiles/CMakeTmp'


    Feature record: C_FEATURE:1c_function_prototypes
    Feature record: C_FEATURE:0c_restrict
    Feature record: C_FEATURE:0c_static_assert
    Feature record: C_FEATURE:0c_variadic_macros
Detecting CXX compiler ABI info compiled with the following output:
Change Dir: /home/tration/work/kendryte/xb-k210/sdk/alloy-eyes-sdk/build/fs/CMakeFiles/CMakeTmp

Run Build Command:"/usr/bin/make" "cmTC_54580/fast"
/usr/bin/make -f CMakeFiles/cmTC_54580.dir/build.make CMakeFiles/cmTC_54580.dir/build
make[1]: Entering directory '/home/tration/work/kendryte/xb-k210/sdk/alloy-eyes-sdk/build/fs/CMakeFiles/CMakeTmp'
Building CXX object CMakeFiles/cmTC_54580.dir/CMakeCXXCompilerABI.cpp.obj
/opt/my-kendryte-toolchain/bin/riscv64-unknown-elf-g++     -mcmodel=medany -mabi=lp64d -march=rv64imafdc -fno-common -ffunction-sections -fdata-sections -fstrict-volatile-bitfields -fno-zero-initialized-in-bss -ffast-math -fno-math-errno -Os -ggdb -ffloat-store -std=gnu++17 -Wall -Werror=all -Wno-error=unused-function -Wno-error=unused-but-set-variable -Wno-error=unused-variable -Wno-error=deprecated-declarations -Wextra -Werror=frame-larger-than=65536 -Wno-unused-parameter -Wno-sign-compare -Wno-error=missing-braces -Wno-error=return-type -Wno-error=pointer-sign -Wno-missing-braces -Wno-strict-aliasing -Wno-implicit-fallthrough -Wno-missing-field-initializers -Wno-int-to-pointer-cast -Wno-error=comment -Wno-error=logical-not-parentheses -Wno-error=duplicate-decl-specifier -Wno-error=parentheses    -o CMakeFiles/cmTC_54580.dir/CMakeCXXCompilerABI.cpp.obj -c /usr/share/cmake-3.5/Modules/CMakeCXXCompilerABI.cpp
Linking CXX executable cmTC_54580
/usr/bin/cmake -E cmake_link_script CMakeFiles/cmTC_54580.dir/link.txt --verbose=1
/opt/my-kendryte-toolchain/bin/riscv64-unknown-elf-g++    -mcmodel=medany -mabi=lp64d -march=rv64imafdc -fno-common -ffunction-sections -fdata-sections -fstrict-volatile-bitfields -fno-zero-initialized-in-bss -ffast-math -fno-math-errno -Os -ggdb -ffloat-store -std=gnu++17 -Wall -Werror=all -Wno-error=unused-function -Wno-error=unused-but-set-variable -Wno-error=unused-variable -Wno-error=deprecated-declarations -Wextra -Werror=frame-larger-than=65536 -Wno-unused-parameter -Wno-sign-compare -Wno-error=missing-braces -Wno-error=return-type -Wno-error=pointer-sign -Wno-missing-braces -Wno-strict-aliasing -Wno-implicit-fallthrough -Wno-missing-field-initializers -Wno-int-to-pointer-cast -Wno-error=comment -Wno-error=logical-not-parentheses -Wno-error=duplicate-decl-specifier -Wno-error=parentheses    -v CMakeFiles/cmTC_54580.dir/CMakeCXXCompilerABI.cpp.obj  -o cmTC_54580  
Using built-in specs.
COLLECT_GCC=/opt/my-kendryte-toolchain/bin/riscv64-unknown-elf-g++
COLLECT_LTO_WRAPPER=/opt/my-kendryte-toolchain/bin/../libexec/gcc/riscv64-unknown-elf/8.2.0/lto-wrapper
Target: riscv64-unknown-elf
Configured with: /home/bruce/k210/build_toolchain/kendryte-gnu-toolchain/riscv-gcc/configure --target=riscv64-unknown-elf --prefix=/opt/kendryte-toolchain --disable-shared --enable-threads=posix --enable-languages=c,c++ --enable-libatomic --with-system-zlib --enable-tls --with-newlib --with-sysroot=/opt/kendryte-toolchain/riscv64-unknown-elf --with-native-system-header-dir=/include --disable-libmudflap --disable-libssp --disable-libquadmath --disable-libgomp --disable-nls --src=.././riscv-gcc --enable-checking=yes --disable-multilib --with-abi=lp64d --with-arch=rv64imafdc 'CFLAGS_FOR_TARGET=-Os -ffunction-sections -fdata-sections  -mcmodel=medany' 'CXXFLAGS_FOR_TARGET=-Os -ffunction-sections -fdata-sections -mcmodel=medany'
Thread model: posix
gcc version 8.2.0 (GCC) 
COMPILER_PATH=/opt/my-kendryte-toolchain/bin/../libexec/gcc/riscv64-unknown-elf/8.2.0/:/opt/my-kendryte-toolchain/bin/../libexec/gcc/:/opt/my-kendryte-toolchain/bin/../lib/gcc/riscv64-unknown-elf/8.2.0/../../../../riscv64-unknown-elf/bin/
LIBRARY_PATH=/opt/my-kendryte-toolchain/bin/../lib/gcc/riscv64-unknown-elf/8.2.0/:/opt/my-kendryte-toolchain/bin/../lib/gcc/:/opt/my-kendryte-toolchain/bin/../lib/gcc/riscv64-unknown-elf/8.2.0/../../../../riscv64-unknown-elf/lib/:/opt/my-kendryte-toolchain/bin/../riscv64-unknown-elf/lib/
COLLECT_GCC_OPTIONS='-mcmodel=medany' '-mabi=lp64d' '-march=rv64imafdc' '-fno-common' '-ffunction-sections' '-fdata-sections' '-fstrict-volatile-bitfields' '-fno-zero-initialized-in-bss' '-ffast-math' '-fno-math-errno' '-Os' '-ggdb' '-ffloat-store' '-std=gnu++17' '-Wall' '-Werror=all' '-Wno-error=unused-function' '-Wno-error=unused-but-set-variable' '-Wno-error=unused-variable' '-Wno-error=deprecated-declarations' '-Wextra' '-Werror=frame-larger-than=65536' '-Wno-unused-parameter' '-Wno-sign-compare' '-Wno-error=missing-braces' '-Wno-error=return-type' '-Wno-error=pointer-sign' '-Wno-missing-braces' '-Wno-strict-aliasing' '-Wimplicit-fallthrough=0' '-Wno-missing-field-initializers' '-Wno-int-to-pointer-cast' '-Wno-error=comment' '-Wno-error=logical-not-parentheses' '-Wno-error=duplicate-decl-specifier' '-Wno-error=parentheses' '-v' '-o' 'cmTC_54580'
 /opt/my-kendryte-toolchain/bin/../libexec/gcc/riscv64-unknown-elf/8.2.0/collect2 -plugin /opt/my-kendryte-toolchain/bin/../libexec/gcc/riscv64-unknown-elf/8.2.0/liblto_plugin.so -plugin-opt=/opt/my-kendryte-toolchain/bin/../libexec/gcc/riscv64-unknown-elf/8.2.0/lto-wrapper -plugin-opt=-fresolution=/tmp/ccWt079p.res -plugin-opt=-pass-through=-lgcc -plugin-opt=-pass-through=-lc -plugin-opt=-pass-through=-lgloss -plugin-opt=-pass-through=-lgcc --sysroot=/opt/my-kendryte-toolchain/bin/../riscv64-unknown-elf -melf64lriscv -o cmTC_54580 /opt/my-kendryte-toolchain/bin/../lib/gcc/riscv64-unknown-elf/8.2.0/../../../../riscv64-unknown-elf/lib/crt0.o /opt/my-kendryte-toolchain/bin/../lib/gcc/riscv64-unknown-elf/8.2.0/crtbegin.o -L/opt/my-kendryte-toolchain/bin/../lib/gcc/riscv64-unknown-elf/8.2.0 -L/opt/my-kendryte-toolchain/bin/../lib/gcc -L/opt/my-kendryte-toolchain/bin/../lib/gcc/riscv64-unknown-elf/8.2.0/../../../../riscv64-unknown-elf/lib -L/opt/my-kendryte-toolchain/bin/../riscv64-unknown-elf/lib CMakeFiles/cmTC_54580.dir/CMakeCXXCompilerABI.cpp.obj -lstdc++ -lm -lgcc --start-group -lc -lgloss --end-group -lgcc /opt/my-kendryte-toolchain/bin/../lib/gcc/riscv64-unknown-elf/8.2.0/crtend.o
/opt/my-kendryte-toolchain/bin/../lib/gcc/riscv64-unknown-elf/8.2.0/../../../../riscv64-unknown-elf/bin/ld: warning: cannot find entry symbol _start; defaulting to 00000000000100b0
COLLECT_GCC_OPTIONS='-mcmodel=medany' '-mabi=lp64d' '-march=rv64imafdc' '-fno-common' '-ffunction-sections' '-fdata-sections' '-fstrict-volatile-bitfields' '-fno-zero-initialized-in-bss' '-ffast-math' '-fno-math-errno' '-Os' '-ggdb' '-ffloat-store' '-std=gnu++17' '-Wall' '-Werror=all' '-Wno-error=unused-function' '-Wno-error=unused-but-set-variable' '-Wno-error=unused-variable' '-Wno-error=deprecated-declarations' '-Wextra' '-Werror=frame-larger-than=65536' '-Wno-unused-parameter' '-Wno-sign-compare' '-Wno-error=missing-braces' '-Wno-error=return-type' '-Wno-error=pointer-sign' '-Wno-missing-braces' '-Wno-strict-aliasing' '-Wimplicit-fallthrough=0' '-Wno-missing-field-initializers' '-Wno-int-to-pointer-cast' '-Wno-error=comment' '-Wno-error=logical-not-parentheses' '-Wno-error=duplicate-decl-specifier' '-Wno-error=parentheses' '-v' '-o' 'cmTC_54580'
make[1]: Leaving directory '/home/tration/work/kendryte/xb-k210/sdk/alloy-eyes-sdk/build/fs/CMakeFiles/CMakeTmp'


Parsed CXX implicit link information from above output:
  link line regex: [^( *|.*[/\])(riscv64-unknown-elf-ld|([^/\]+-)?ld|collect2)[^/\]*( |$)]
  ignore line: [Change Dir: /home/tration/work/kendryte/xb-k210/sdk/alloy-eyes-sdk/build/fs/CMakeFiles/CMakeTmp]
  ignore line: []
  ignore line: [Run Build Command:"/usr/bin/make" "cmTC_54580/fast"]
  ignore line: [/usr/bin/make -f CMakeFiles/cmTC_54580.dir/build.make CMakeFiles/cmTC_54580.dir/build]
  ignore line: [make[1]: Entering directory '/home/tration/work/kendryte/xb-k210/sdk/alloy-eyes-sdk/build/fs/CMakeFiles/CMakeTmp']
  ignore line: [Building CXX object CMakeFiles/cmTC_54580.dir/CMakeCXXCompilerABI.cpp.obj]
  ignore line: [/opt/my-kendryte-toolchain/bin/riscv64-unknown-elf-g++     -mcmodel=medany -mabi=lp64d -march=rv64imafdc -fno-common -ffunction-sections -fdata-sections -fstrict-volatile-bitfields -fno-zero-initialized-in-bss -ffast-math -fno-math-errno -Os -ggdb -ffloat-store -std=gnu++17 -Wall -Werror=all -Wno-error=unused-function -Wno-error=unused-but-set-variable -Wno-error=unused-variable -Wno-error=deprecated-declarations -Wextra -Werror=frame-larger-than=65536 -Wno-unused-parameter -Wno-sign-compare -Wno-error=missing-braces -Wno-error=return-type -Wno-error=pointer-sign -Wno-missing-braces -Wno-strict-aliasing -Wno-implicit-fallthrough -Wno-missing-field-initializers -Wno-int-to-pointer-cast -Wno-error=comment -Wno-error=logical-not-parentheses -Wno-error=duplicate-decl-specifier -Wno-error=parentheses    -o CMakeFiles/cmTC_54580.dir/CMakeCXXCompilerABI.cpp.obj -c /usr/share/cmake-3.5/Modules/CMakeCXXCompilerABI.cpp]
  ignore line: [Linking CXX executable cmTC_54580]
  ignore line: [/usr/bin/cmake -E cmake_link_script CMakeFiles/cmTC_54580.dir/link.txt --verbose=1]
  ignore line: [/opt/my-kendryte-toolchain/bin/riscv64-unknown-elf-g++    -mcmodel=medany -mabi=lp64d -march=rv64imafdc -fno-common -ffunction-sections -fdata-sections -fstrict-volatile-bitfields -fno-zero-initialized-in-bss -ffast-math -fno-math-errno -Os -ggdb -ffloat-store -std=gnu++17 -Wall -Werror=all -Wno-error=unused-function -Wno-error=unused-but-set-variable -Wno-error=unused-variable -Wno-error=deprecated-declarations -Wextra -Werror=frame-larger-than=65536 -Wno-unused-parameter -Wno-sign-compare -Wno-error=missing-braces -Wno-error=return-type -Wno-error=pointer-sign -Wno-missing-braces -Wno-strict-aliasing -Wno-implicit-fallthrough -Wno-missing-field-initializers -Wno-int-to-pointer-cast -Wno-error=comment -Wno-error=logical-not-parentheses -Wno-error=duplicate-decl-specifier -Wno-error=parentheses    -v CMakeFiles/cmTC_54580.dir/CMakeCXXCompilerABI.cpp.obj  -o cmTC_54580  ]
  ignore line: [Using built-in specs.]
  ignore line: [COLLECT_GCC=/opt/my-kendryte-toolchain/bin/riscv64-unknown-elf-g++]
  ignore line: [COLLECT_LTO_WRAPPER=/opt/my-kendryte-toolchain/bin/../libexec/gcc/riscv64-unknown-elf/8.2.0/lto-wrapper]
  ignore line: [Target: riscv64-unknown-elf]
  ignore line: [Configured with: /home/bruce/k210/build_toolchain/kendryte-gnu-toolchain/riscv-gcc/configure --target=riscv64-unknown-elf --prefix=/opt/kendryte-toolchain --disable-shared --enable-threads=posix --enable-languages=c,c++ --enable-libatomic --with-system-zlib --enable-tls --with-newlib --with-sysroot=/opt/kendryte-toolchain/riscv64-unknown-elf --with-native-system-header-dir=/include --disable-libmudflap --disable-libssp --disable-libquadmath --disable-libgomp --disable-nls --src=.././riscv-gcc --enable-checking=yes --disable-multilib --with-abi=lp64d --with-arch=rv64imafdc 'CFLAGS_FOR_TARGET=-Os -ffunction-sections -fdata-sections  -mcmodel=medany' 'CXXFLAGS_FOR_TARGET=-Os -ffunction-sections -fdata-sections -mcmodel=medany']
  ignore line: [Thread model: posix]
  ignore line: [gcc version 8.2.0 (GCC) ]
  ignore line: [COMPILER_PATH=/opt/my-kendryte-toolchain/bin/../libexec/gcc/riscv64-unknown-elf/8.2.0/:/opt/my-kendryte-toolchain/bin/../libexec/gcc/:/opt/my-kendryte-toolchain/bin/../lib/gcc/riscv64-unknown-elf/8.2.0/../../../../riscv64-unknown-elf/bin/]
  ignore line: [LIBRARY_PATH=/opt/my-kendryte-toolchain/bin/../lib/gcc/riscv64-unknown-elf/8.2.0/:/opt/my-kendryte-toolchain/bin/../lib/gcc/:/opt/my-kendryte-toolchain/bin/../lib/gcc/riscv64-unknown-elf/8.2.0/../../../../riscv64-unknown-elf/lib/:/opt/my-kendryte-toolchain/bin/../riscv64-unknown-elf/lib/]
  ignore line: [COLLECT_GCC_OPTIONS='-mcmodel=medany' '-mabi=lp64d' '-march=rv64imafdc' '-fno-common' '-ffunction-sections' '-fdata-sections' '-fstrict-volatile-bitfields' '-fno-zero-initialized-in-bss' '-ffast-math' '-fno-math-errno' '-Os' '-ggdb' '-ffloat-store' '-std=gnu++17' '-Wall' '-Werror=all' '-Wno-error=unused-function' '-Wno-error=unused-but-set-variable' '-Wno-error=unused-variable' '-Wno-error=deprecated-declarations' '-Wextra' '-Werror=frame-larger-than=65536' '-Wno-unused-parameter' '-Wno-sign-compare' '-Wno-error=missing-braces' '-Wno-error=return-type' '-Wno-error=pointer-sign' '-Wno-missing-braces' '-Wno-strict-aliasing' '-Wimplicit-fallthrough=0' '-Wno-missing-field-initializers' '-Wno-int-to-pointer-cast' '-Wno-error=comment' '-Wno-error=logical-not-parentheses' '-Wno-error=duplicate-decl-specifier' '-Wno-error=parentheses' '-v' '-o' 'cmTC_54580']
  link line: [ /opt/my-kendryte-toolchain/bin/../libexec/gcc/riscv64-unknown-elf/8.2.0/collect2 -plugin /opt/my-kendryte-toolchain/bin/../libexec/gcc/riscv64-unknown-elf/8.2.0/liblto_plugin.so -plugin-opt=/opt/my-kendryte-toolchain/bin/../libexec/gcc/riscv64-unknown-elf/8.2.0/lto-wrapper -plugin-opt=-fresolution=/tmp/ccWt079p.res -plugin-opt=-pass-through=-lgcc -plugin-opt=-pass-through=-lc -plugin-opt=-pass-through=-lgloss -plugin-opt=-pass-through=-lgcc --sysroot=/opt/my-kendryte-toolchain/bin/../riscv64-unknown-elf -melf64lriscv -o cmTC_54580 /opt/my-kendryte-toolchain/bin/../lib/gcc/riscv64-unknown-elf/8.2.0/../../../../riscv64-unknown-elf/lib/crt0.o /opt/my-kendryte-toolchain/bin/../lib/gcc/riscv64-unknown-elf/8.2.0/crtbegin.o -L/opt/my-kendryte-toolchain/bin/../lib/gcc/riscv64-unknown-elf/8.2.0 -L/opt/my-kendryte-toolchain/bin/../lib/gcc -L/opt/my-kendryte-toolchain/bin/../lib/gcc/riscv64-unknown-elf/8.2.0/../../../../riscv64-unknown-elf/lib -L/opt/my-kendryte-toolchain/bin/../riscv64-unknown-elf/lib CMakeFiles/cmTC_54580.dir/CMakeCXXCompilerABI.cpp.obj -lstdc++ -lm -lgcc --start-group -lc -lgloss --end-group -lgcc /opt/my-kendryte-toolchain/bin/../lib/gcc/riscv64-unknown-elf/8.2.0/crtend.o]
    arg [/opt/my-kendryte-toolchain/bin/../libexec/gcc/riscv64-unknown-elf/8.2.0/collect2] ==> ignore
    arg [-plugin] ==> ignore
    arg [/opt/my-kendryte-toolchain/bin/../libexec/gcc/riscv64-unknown-elf/8.2.0/liblto_plugin.so] ==> ignore
    arg [-plugin-opt=/opt/my-kendryte-toolchain/bin/../libexec/gcc/riscv64-unknown-elf/8.2.0/lto-wrapper] ==> ignore
    arg [-plugin-opt=-fresolution=/tmp/ccWt079p.res] ==> ignore
    arg [-plugin-opt=-pass-through=-lgcc] ==> ignore
    arg [-plugin-opt=-pass-through=-lc] ==> ignore
    arg [-plugin-opt=-pass-through=-lgloss] ==> ignore
    arg [-plugin-opt=-pass-through=-lgcc] ==> ignore
    arg [--sysroot=/opt/my-kendryte-toolchain/bin/../riscv64-unknown-elf] ==> ignore
    arg [-melf64lriscv] ==> ignore
    arg [-o] ==> ignore
    arg [cmTC_54580] ==> ignore
    arg [/opt/my-kendryte-toolchain/bin/../lib/gcc/riscv64-unknown-elf/8.2.0/../../../../riscv64-unknown-elf/lib/crt0.o] ==> ignore
    arg [/opt/my-kendryte-toolchain/bin/../lib/gcc/riscv64-unknown-elf/8.2.0/crtbegin.o] ==> ignore
    arg [-L/opt/my-kendryte-toolchain/bin/../lib/gcc/riscv64-unknown-elf/8.2.0] ==> dir [/opt/my-kendryte-toolchain/bin/../lib/gcc/riscv64-unknown-elf/8.2.0]
    arg [-L/opt/my-kendryte-toolchain/bin/../lib/gcc] ==> dir [/opt/my-kendryte-toolchain/bin/../lib/gcc]
    arg [-L/opt/my-kendryte-toolchain/bin/../lib/gcc/riscv64-unknown-elf/8.2.0/../../../../riscv64-unknown-elf/lib] ==> dir [/opt/my-kendryte-toolchain/bin/../lib/gcc/riscv64-unknown-elf/8.2.0/../../../../riscv64-unknown-elf/lib]
    arg [-L/opt/my-kendryte-toolchain/bin/../riscv64-unknown-elf/lib] ==> dir [/opt/my-kendryte-toolchain/bin/../riscv64-unknown-elf/lib]
    arg [CMakeFiles/cmTC_54580.dir/CMakeCXXCompilerABI.cpp.obj] ==> ignore
    arg [-lstdc++] ==> lib [stdc++]
    arg [-lm] ==> lib [m]
    arg [-lgcc] ==> lib [gcc]
    arg [--start-group] ==> ignore
    arg [-lc] ==> lib [c]
    arg [-lgloss] ==> lib [gloss]
    arg [--end-group] ==> ignore
    arg [-lgcc] ==> lib [gcc]
    arg [/opt/my-kendryte-toolchain/bin/../lib/gcc/riscv64-unknown-elf/8.2.0/crtend.o] ==> ignore
  remove lib [gcc]
  remove lib [gcc]
  collapse library dir [/opt/my-kendryte-toolchain/bin/../lib/gcc/riscv64-unknown-elf/8.2.0] ==> [/opt/my-kendryte-toolchain/lib/gcc/riscv64-unknown-elf/8.2.0]
  collapse library dir [/opt/my-kendryte-toolchain/bin/../lib/gcc] ==> [/opt/my-kendryte-toolchain/lib/gcc]
  collapse library dir [/opt/my-kendryte-toolchain/bin/../lib/gcc/riscv64-unknown-elf/8.2.0/../../../../riscv64-unknown-elf/lib] ==> [/opt/my-kendryte-toolchain/riscv64-unknown-elf/lib]
  collapse library dir [/opt/my-kendryte-toolchain/bin/../riscv64-unknown-elf/lib] ==> [/opt/my-kendryte-toolchain/riscv64-unknown-elf/lib]
  implicit libs: [stdc++;m;c;gloss]
  implicit dirs: [/opt/my-kendryte-toolchain/lib/gcc/riscv64-unknown-elf/8.2.0;/opt/my-kendryte-toolchain/lib/gcc;/opt/my-kendryte-toolchain/riscv64-unknown-elf/lib]
  implicit fwks: []




Detecting CXX [-std=c++14] compiler features compiled with the following output:
Change Dir: /home/tration/work/kendryte/xb-k210/sdk/alloy-eyes-sdk/build/fs/CMakeFiles/CMakeTmp

Run Build Command:"/usr/bin/make" "cmTC_3c4ec/fast"
/usr/bin/make -f CMakeFiles/cmTC_3c4ec.dir/build.make CMakeFiles/cmTC_3c4ec.dir/build
make[1]: Entering directory '/home/tration/work/kendryte/xb-k210/sdk/alloy-eyes-sdk/build/fs/CMakeFiles/CMakeTmp'
Building CXX object CMakeFiles/cmTC_3c4ec.dir/feature_tests.cxx.obj
/opt/my-kendryte-toolchain/bin/riscv64-unknown-elf-g++     -mcmodel=medany -mabi=lp64d -march=rv64imafdc -fno-common -ffunction-sections -fdata-sections -fstrict-volatile-bitfields -fno-zero-initialized-in-bss -ffast-math -fno-math-errno -Os -ggdb -ffloat-store -std=gnu++17 -Wall -Werror=all -Wno-error=unused-function -Wno-error=unused-but-set-variable -Wno-error=unused-variable -Wno-error=deprecated-declarations -Wextra -Werror=frame-larger-than=65536 -Wno-unused-parameter -Wno-sign-compare -Wno-error=missing-braces -Wno-error=return-type -Wno-error=pointer-sign -Wno-missing-braces -Wno-strict-aliasing -Wno-implicit-fallthrough -Wno-missing-field-initializers -Wno-int-to-pointer-cast -Wno-error=comment -Wno-error=logical-not-parentheses -Wno-error=duplicate-decl-specifier -Wno-error=parentheses    -std=c++14 -o CMakeFiles/cmTC_3c4ec.dir/feature_tests.cxx.obj -c /home/tration/work/kendryte/xb-k210/sdk/alloy-eyes-sdk/build/fs/CMakeFiles/feature_tests.cxx
Linking CXX executable cmTC_3c4ec
/usr/bin/cmake -E cmake_link_script CMakeFiles/cmTC_3c4ec.dir/link.txt --verbose=1
/opt/my-kendryte-toolchain/bin/riscv64-unknown-elf-g++    -mcmodel=medany -mabi=lp64d -march=rv64imafdc -fno-common -ffunction-sections -fdata-sections -fstrict-volatile-bitfields -fno-zero-initialized-in-bss -ffast-math -fno-math-errno -Os -ggdb -ffloat-store -std=gnu++17 -Wall -Werror=all -Wno-error=unused-function -Wno-error=unused-but-set-variable -Wno-error=unused-variable -Wno-error=deprecated-declarations -Wextra -Werror=frame-larger-than=65536 -Wno-unused-parameter -Wno-sign-compare -Wno-error=missing-braces -Wno-error=return-type -Wno-error=pointer-sign -Wno-missing-braces -Wno-strict-aliasing -Wno-implicit-fallthrough -Wno-missing-field-initializers -Wno-int-to-pointer-cast -Wno-error=comment -Wno-error=logical-not-parentheses -Wno-error=duplicate-decl-specifier -Wno-error=parentheses     CMakeFiles/cmTC_3c4ec.dir/feature_tests.cxx.obj  -o cmTC_3c4ec 
/opt/my-kendryte-toolchain/bin/../lib/gcc/riscv64-unknown-elf/8.2.0/../../../../riscv64-unknown-elf/bin/ld: warning: cannot find entry symbol _start; defaulting to 00000000000100b0
make[1]: Leaving directory '/home/tration/work/kendryte/xb-k210/sdk/alloy-eyes-sdk/build/fs/CMakeFiles/CMakeTmp'


    Feature record: CXX_FEATURE:1cxx_aggregate_default_initializers
    Feature record: CXX_FEATURE:1cxx_alias_templates
    Feature record: CXX_FEATURE:1cxx_alignas
    Feature record: CXX_FEATURE:1cxx_alignof
    Feature record: CXX_FEATURE:1cxx_attributes
    Feature record: CXX_FEATURE:1cxx_attribute_deprecated
    Feature record: CXX_FEATURE:1cxx_auto_type
    Feature record: CXX_FEATURE:1cxx_binary_literals
    Feature record: CXX_FEATURE:1cxx_constexpr
    Feature record: CXX_FEATURE:1cxx_contextual_conversions
    Feature record: CXX_FEATURE:1cxx_decltype
    Feature record: CXX_FEATURE:1cxx_decltype_auto
    Feature record: CXX_FEATURE:1cxx_decltype_incomplete_return_types
    Feature record: CXX_FEATURE:1cxx_default_function_template_args
    Feature record: CXX_FEATURE:1cxx_defaulted_functions
    Feature record: CXX_FEATURE:1cxx_defaulted_move_initializers
    Feature record: CXX_FEATURE:1cxx_delegating_constructors
    Feature record: CXX_FEATURE:1cxx_deleted_functions
    Feature record: CXX_FEATURE:1cxx_digit_separators
    Feature record: CXX_FEATURE:1cxx_enum_forward_declarations
    Feature record: CXX_FEATURE:1cxx_explicit_conversions
    Feature record: CXX_FEATURE:1cxx_extended_friend_declarations
    Feature record: CXX_FEATURE:1cxx_extern_templates
    Feature record: CXX_FEATURE:1cxx_final
    Feature record: CXX_FEATURE:1cxx_func_identifier
    Feature record: CXX_FEATURE:1cxx_generalized_initializers
    Feature record: CXX_FEATURE:1cxx_generic_lambdas
    Feature record: CXX_FEATURE:1cxx_inheriting_constructors
    Feature record: CXX_FEATURE:1cxx_inline_namespaces
    Feature record: CXX_FEATURE:1cxx_lambdas
    Feature record: CXX_FEATURE:1cxx_lambda_init_captures
    Feature record: CXX_FEATURE:1cxx_local_type_template_args
    Feature record: CXX_FEATURE:1cxx_long_long_type
    Feature record: CXX_FEATURE:1cxx_noexcept
    Feature record: CXX_FEATURE:1cxx_nonstatic_member_init
    Feature record: CXX_FEATURE:1cxx_nullptr
    Feature record: CXX_FEATURE:1cxx_override
    Feature record: CXX_FEATURE:1cxx_range_for
    Feature record: CXX_FEATURE:1cxx_raw_string_literals
    Feature record: CXX_FEATURE:1cxx_reference_qualified_functions
    Feature record: CXX_FEATURE:1cxx_relaxed_constexpr
    Feature record: CXX_FEATURE:1cxx_return_type_deduction
    Feature record: CXX_FEATURE:1cxx_right_angle_brackets
    Feature record: CXX_FEATURE:1cxx_rvalue_references
    Feature record: CXX_FEATURE:1cxx_sizeof_member
    Feature record: CXX_FEATURE:1cxx_static_assert
    Feature record: CXX_FEATURE:1cxx_strong_enums
    Feature record: CXX_FEATURE:1cxx_template_template_parameters
    Feature record: CXX_FEATURE:1cxx_thread_local
    Feature record: CXX_FEATURE:1cxx_trailing_return_types
    Feature record: CXX_FEATURE:1cxx_unicode_literals
    Feature record: CXX_FEATURE:1cxx_uniform_initialization
    Feature record: CXX_FEATURE:1cxx_unrestricted_unions
    Feature record: CXX_FEATURE:1cxx_user_literals
    Feature record: CXX_FEATURE:1cxx_variable_templates
    Feature record: CXX_FEATURE:1cxx_variadic_macros
    Feature record: CXX_FEATURE:1cxx_variadic_templates


Detecting CXX [-std=c++11] compiler features compiled with the following output:
Change Dir: /home/tration/work/kendryte/xb-k210/sdk/alloy-eyes-sdk/build/fs/CMakeFiles/CMakeTmp

Run Build Command:"/usr/bin/make" "cmTC_e029c/fast"
/usr/bin/make -f CMakeFiles/cmTC_e029c.dir/build.make CMakeFiles/cmTC_e029c.dir/build
make[1]: Entering directory '/home/tration/work/kendryte/xb-k210/sdk/alloy-eyes-sdk/build/fs/CMakeFiles/CMakeTmp'
Building CXX object CMakeFiles/cmTC_e029c.dir/feature_tests.cxx.obj
/opt/my-kendryte-toolchain/bin/riscv64-unknown-elf-g++     -mcmodel=medany -mabi=lp64d -march=rv64imafdc -fno-common -ffunction-sections -fdata-sections -fstrict-volatile-bitfields -fno-zero-initialized-in-bss -ffast-math -fno-math-errno -Os -ggdb -ffloat-store -std=gnu++17 -Wall -Werror=all -Wno-error=unused-function -Wno-error=unused-but-set-variable -Wno-error=unused-variable -Wno-error=deprecated-declarations -Wextra -Werror=frame-larger-than=65536 -Wno-unused-parameter -Wno-sign-compare -Wno-error=missing-braces -Wno-error=return-type -Wno-error=pointer-sign -Wno-missing-braces -Wno-strict-aliasing -Wno-implicit-fallthrough -Wno-missing-field-initializers -Wno-int-to-pointer-cast -Wno-error=comment -Wno-error=logical-not-parentheses -Wno-error=duplicate-decl-specifier -Wno-error=parentheses    -std=c++11 -o CMakeFiles/cmTC_e029c.dir/feature_tests.cxx.obj -c /home/tration/work/kendryte/xb-k210/sdk/alloy-eyes-sdk/build/fs/CMakeFiles/feature_tests.cxx
Linking CXX executable cmTC_e029c
/usr/bin/cmake -E cmake_link_script CMakeFiles/cmTC_e029c.dir/link.txt --verbose=1
/opt/my-kendryte-toolchain/bin/riscv64-unknown-elf-g++    -mcmodel=medany -mabi=lp64d -march=rv64imafdc -fno-common -ffunction-sections -fdata-sections -fstrict-volatile-bitfields -fno-zero-initialized-in-bss -ffast-math -fno-math-errno -Os -ggdb -ffloat-store -std=gnu++17 -Wall -Werror=all -Wno-error=unused-function -Wno-error=unused-but-set-variable -Wno-error=unused-variable -Wno-error=deprecated-declarations -Wextra -Werror=frame-larger-than=65536 -Wno-unused-parameter -Wno-sign-compare -Wno-error=missing-braces -Wno-error=return-type -Wno-error=pointer-sign -Wno-missing-braces -Wno-strict-aliasing -Wno-implicit-fallthrough -Wno-missing-field-initializers -Wno-int-to-pointer-cast -Wno-error=comment -Wno-error=logical-not-parentheses -Wno-error=duplicate-decl-specifier -Wno-error=parentheses     CMakeFiles/cmTC_e029c.dir/feature_tests.cxx.obj  -o cmTC_e029c 
/opt/my-kendryte-toolchain/bin/../lib/gcc/riscv64-unknown-elf/8.2.0/../../../../riscv64-unknown-elf/bin/ld: warning: cannot find entry symbol _start; defaulting to 00000000000100b0
make[1]: Leaving directory '/home/tration/work/kendryte/xb-k210/sdk/alloy-eyes-sdk/build/fs/CMakeFiles/CMakeTmp'


    Feature record: CXX_FEATURE:0cxx_aggregate_default_initializers
    Feature record: CXX_FEATURE:1cxx_alias_templates
    Feature record: CXX_FEATURE:1cxx_alignas
    Feature record: CXX_FEATURE:1cxx_alignof
    Feature record: CXX_FEATURE:1cxx_attributes
    Feature record: CXX_FEATURE:0cxx_attribute_deprecated
    Feature record: CXX_FEATURE:1cxx_auto_type
    Feature record: CXX_FEATURE:0cxx_binary_literals
    Feature record: CXX_FEATURE:1cxx_constexpr
    Feature record: CXX_FEATURE:0cxx_contextual_conversions
    Feature record: CXX_FEATURE:1cxx_decltype
    Feature record: CXX_FEATURE:0cxx_decltype_auto
    Feature record: CXX_FEATURE:1cxx_decltype_incomplete_return_types
    Feature record: CXX_FEATURE:1cxx_default_function_template_args
    Feature record: CXX_FEATURE:1cxx_defaulted_functions
    Feature record: CXX_FEATURE:1cxx_defaulted_move_initializers
    Feature record: CXX_FEATURE:1cxx_delegating_constructors
    Feature record: CXX_FEATURE:1cxx_deleted_functions
    Feature record: CXX_FEATURE:0cxx_digit_separators
    Feature record: CXX_FEATURE:1cxx_enum_forward_declarations
    Feature record: CXX_FEATURE:1cxx_explicit_conversions
    Feature record: CXX_FEATURE:1cxx_extended_friend_declarations
    Feature record: CXX_FEATURE:1cxx_extern_templates
    Feature record: CXX_FEATURE:1cxx_final
    Feature record: CXX_FEATURE:1cxx_func_identifier
    Feature record: CXX_FEATURE:1cxx_generalized_initializers
    Feature record: CXX_FEATURE:0cxx_generic_lambdas
    Feature record: CXX_FEATURE:1cxx_inheriting_constructors
    Feature record: CXX_FEATURE:1cxx_inline_namespaces
    Feature record: CXX_FEATURE:1cxx_lambdas
    Feature record: CXX_FEATURE:0cxx_lambda_init_captures
    Feature record: CXX_FEATURE:1cxx_local_type_template_args
    Feature record: CXX_FEATURE:1cxx_long_long_type
    Feature record: CXX_FEATURE:1cxx_noexcept
    Feature record: CXX_FEATURE:1cxx_nonstatic_member_init
    Feature record: CXX_FEATURE:1cxx_nullptr
    Feature record: CXX_FEATURE:1cxx_override
    Feature record: CXX_FEATURE:1cxx_range_for
    Feature record: CXX_FEATURE:1cxx_raw_string_literals
    Feature record: CXX_FEATURE:1cxx_reference_qualified_functions
    Feature record: CXX_FEATURE:0cxx_relaxed_constexpr
    Feature record: CXX_FEATURE:0cxx_return_type_deduction
    Feature record: CXX_FEATURE:1cxx_right_angle_brackets
    Feature record: CXX_FEATURE:1cxx_rvalue_references
    Feature record: CXX_FEATURE:1cxx_sizeof_member
    Feature record: CXX_FEATURE:1cxx_static_assert
    Feature record: CXX_FEATURE:1cxx_strong_enums
    Feature record: CXX_FEATURE:1cxx_template_template_parameters
    Feature record: CXX_FEATURE:1cxx_thread_local
    Feature record: CXX_FEATURE:1cxx_trailing_return_types
    Feature record: CXX_FEATURE:1cxx_unicode_literals
    Feature record: CXX_FEATURE:1cxx_uniform_initialization
    Feature record: CXX_FEATURE:1cxx_unrestricted_unions
    Feature record: CXX_FEATURE:1cxx_user_literals
    Feature record: CXX_FEATURE:0cxx_variable_templates
    Feature record: CXX_FEATURE:1cxx_variadic_macros
    Feature record: CXX_FEATURE:1cxx_variadic_templates


Detecting CXX [-std=c++98] compiler features compiled with the following output:
Change Dir: /home/tration/work/kendryte/xb-k210/sdk/alloy-eyes-sdk/build/fs/CMakeFiles/CMakeTmp

Run Build Command:"/usr/bin/make" "cmTC_c1583/fast"
/usr/bin/make -f CMakeFiles/cmTC_c1583.dir/build.make CMakeFiles/cmTC_c1583.dir/build
make[1]: Entering directory '/home/tration/work/kendryte/xb-k210/sdk/alloy-eyes-sdk/build/fs/CMakeFiles/CMakeTmp'
Building CXX object CMakeFiles/cmTC_c1583.dir/feature_tests.cxx.obj
/opt/my-kendryte-toolchain/bin/riscv64-unknown-elf-g++     -mcmodel=medany -mabi=lp64d -march=rv64imafdc -fno-common -ffunction-sections -fdata-sections -fstrict-volatile-bitfields -fno-zero-initialized-in-bss -ffast-math -fno-math-errno -Os -ggdb -ffloat-store -std=gnu++17 -Wall -Werror=all -Wno-error=unused-function -Wno-error=unused-but-set-variable -Wno-error=unused-variable -Wno-error=deprecated-declarations -Wextra -Werror=frame-larger-than=65536 -Wno-unused-parameter -Wno-sign-compare -Wno-error=missing-braces -Wno-error=return-type -Wno-error=pointer-sign -Wno-missing-braces -Wno-strict-aliasing -Wno-implicit-fallthrough -Wno-missing-field-initializers -Wno-int-to-pointer-cast -Wno-error=comment -Wno-error=logical-not-parentheses -Wno-error=duplicate-decl-specifier -Wno-error=parentheses    -std=c++98 -o CMakeFiles/cmTC_c1583.dir/feature_tests.cxx.obj -c /home/tration/work/kendryte/xb-k210/sdk/alloy-eyes-sdk/build/fs/CMakeFiles/feature_tests.cxx
Linking CXX executable cmTC_c1583
/usr/bin/cmake -E cmake_link_script CMakeFiles/cmTC_c1583.dir/link.txt --verbose=1
/opt/my-kendryte-toolchain/bin/riscv64-unknown-elf-g++    -mcmodel=medany -mabi=lp64d -march=rv64imafdc -fno-common -ffunction-sections -fdata-sections -fstrict-volatile-bitfields -fno-zero-initialized-in-bss -ffast-math -fno-math-errno -Os -ggdb -ffloat-store -std=gnu++17 -Wall -Werror=all -Wno-error=unused-function -Wno-error=unused-but-set-variable -Wno-error=unused-variable -Wno-error=deprecated-declarations -Wextra -Werror=frame-larger-than=65536 -Wno-unused-parameter -Wno-sign-compare -Wno-error=missing-braces -Wno-error=return-type -Wno-error=pointer-sign -Wno-missing-braces -Wno-strict-aliasing -Wno-implicit-fallthrough -Wno-missing-field-initializers -Wno-int-to-pointer-cast -Wno-error=comment -Wno-error=logical-not-parentheses -Wno-error=duplicate-decl-specifier -Wno-error=parentheses     CMakeFiles/cmTC_c1583.dir/feature_tests.cxx.obj  -o cmTC_c1583 
/opt/my-kendryte-toolchain/bin/../lib/gcc/riscv64-unknown-elf/8.2.0/../../../../riscv64-unknown-elf/bin/ld: warning: cannot find entry symbol _start; defaulting to 00000000000100b0
make[1]: Leaving directory '/home/tration/work/kendryte/xb-k210/sdk/alloy-eyes-sdk/build/fs/CMakeFiles/CMakeTmp'


    Feature record: CXX_FEATURE:0cxx_aggregate_default_initializers
    Feature record: CXX_FEATURE:0cxx_alias_templates
    Feature record: CXX_FEATURE:0cxx_alignas
    Feature record: CXX_FEATURE:0cxx_alignof
    Feature record: CXX_FEATURE:0cxx_attributes
    Feature record: CXX_FEATURE:0cxx_attribute_deprecated
    Feature record: CXX_FEATURE:0cxx_auto_type
    Feature record: CXX_FEATURE:0cxx_binary_literals
    Feature record: CXX_FEATURE:0cxx_constexpr
    Feature record: CXX_FEATURE:0cxx_contextual_conversions
    Feature record: CXX_FEATURE:0cxx_decltype
    Feature record: CXX_FEATURE:0cxx_decltype_auto
    Feature record: CXX_FEATURE:0cxx_decltype_incomplete_return_types
    Feature record: CXX_FEATURE:0cxx_default_function_template_args
    Feature record: CXX_FEATURE:0cxx_defaulted_functions
    Feature record: CXX_FEATURE:0cxx_defaulted_move_initializers
    Feature record: CXX_FEATURE:0cxx_delegating_constructors
    Feature record: CXX_FEATURE:0cxx_deleted_functions
    Feature record: CXX_FEATURE:0cxx_digit_separators
    Feature record: CXX_FEATURE:0cxx_enum_forward_declarations
    Feature record: CXX_FEATURE:0cxx_explicit_conversions
    Feature record: CXX_FEATURE:0cxx_extended_friend_declarations
    Feature record: CXX_FEATURE:0cxx_extern_templates
    Feature record: CXX_FEATURE:0cxx_final
    Feature record: CXX_FEATURE:0cxx_func_identifier
    Feature record: CXX_FEATURE:0cxx_generalized_initializers
    Feature record: CXX_FEATURE:0cxx_generic_lambdas
    Feature record: CXX_FEATURE:0cxx_inheriting_constructors
    Feature record: CXX_FEATURE:0cxx_inline_namespaces
    Feature record: CXX_FEATURE:0cxx_lambdas
    Feature record: CXX_FEATURE:0cxx_lambda_init_captures
    Feature record: CXX_FEATURE:0cxx_local_type_template_args
    Feature record: CXX_FEATURE:0cxx_long_long_type
    Feature record: CXX_FEATURE:0cxx_noexcept
    Feature record: CXX_FEATURE:0cxx_nonstatic_member_init
    Feature record: CXX_FEATURE:0cxx_nullptr
    Feature record: CXX_FEATURE:0cxx_override
    Feature record: CXX_FEATURE:0cxx_range_for
    Feature record: CXX_FEATURE:0cxx_raw_string_literals
    Feature record: CXX_FEATURE:0cxx_reference_qualified_functions
    Feature record: CXX_FEATURE:0cxx_relaxed_constexpr
    Feature record: CXX_FEATURE:0cxx_return_type_deduction
    Feature record: CXX_FEATURE:0cxx_right_angle_brackets
    Feature record: CXX_FEATURE:0cxx_rvalue_references
    Feature record: CXX_FEATURE:0cxx_sizeof_member
    Feature record: CXX_FEATURE:0cxx_static_assert
    Feature record: CXX_FEATURE:0cxx_strong_enums
    Feature record: CXX_FEATURE:1cxx_template_template_parameters
    Feature record: CXX_FEATURE:0cxx_thread_local
    Feature record: CXX_FEATURE:0cxx_trailing_return_types
    Feature record: CXX_FEATURE:0cxx_unicode_literals
    Feature record: CXX_FEATURE:0cxx_uniform_initialization
    Feature record: CXX_FEATURE:0cxx_unrestricted_unions
    Feature record: CXX_FEATURE:0cxx_user_literals
    Feature record: CXX_FEATURE:0cxx_variable_templates
    Feature record: CXX_FEATURE:0cxx_variadic_macros
    Feature record: CXX_FEATURE:0cxx_variadic_templates
